<?xml version="1.0" encoding="UTF-8"?>
<testng-results skipped="0" failed="0" total="1" passed="1">
  <reporter-output>
  </reporter-output>
  <suite name="SupplierCubeAutomation" duration-ms="23896" started-at="2022-02-23T11:29:05Z" finished-at="2022-02-23T11:29:29Z">
    <groups>
    </groups>
    <test name="Test" duration-ms="23896" started-at="2022-02-23T11:29:05Z" finished-at="2022-02-23T11:29:29Z">
      <class name="rFQTestCaseModues.LoginTest">
        <test-method status="PASS" signature="toPerformSCActions(java.lang.String, java.lang.String)[pri:0, instance:rFQTestCaseModues.LoginTest@3b938003]" name="toPerformSCActions" duration-ms="23870" started-at="2022-02-23T16:59:05Z" finished-at="2022-02-23T16:59:29Z">
          <params>
            <param index="0">
              <value>
                <![CDATA[chrome]]>
              </value>
            </param>
            <param index="1">
              <value>
                <![CDATA[stg]]>
              </value>
            </param>
          </params>
          <reporter-output>
          </reporter-output>
        </test-method> <!-- toPerformSCActions -->
      </class> <!-- rFQTestCaseModues.LoginTest -->
    </test> <!-- Test -->
  </suite> <!-- SupplierCubeAutomation -->
</testng-results>
